Arguments: 
  /usr/bin/node /usr/share/yarn/bin/yarn.js add google-closure-library

PATH: 
  /home/christian/.yarn/bin:/usr/bin/telework-bash-scripts:/usr/local/sbin:/usr/local/bin:/usr/sbin:/usr/bin:/sbin:/bin:/usr/games:/usr/local/games:/snap/bin

Yarn version: 
  1.22.4

Node version: 
  14.5.0

Platform: 
  linux x64

Trace: 
  SyntaxError: /home/christian/Development/GOOGLE/closure-compiler/package.json: Unexpected token } in JSON at position 244
      at JSON.parse (<anonymous>)
      at /usr/share/yarn/lib/cli.js:1625:59
      at Generator.next (<anonymous>)
      at step (/usr/share/yarn/lib/cli.js:310:30)
      at /usr/share/yarn/lib/cli.js:321:13

npm manifest: 
  {
    "name": "closure-compiler",
    "version": "1.0.0",
    "repository": "git@github.com:google/closure-compiler.git",
    "license": "Apache-2",
    "private": true,
    "devDependencies": {
      "closure-compiler-npm": "google/closure-compiler-npm",
    }
  }

yarn manifest: 
  No manifest

Lockfile: 
  # THIS IS AN AUTOGENERATED FILE. DO NOT EDIT THIS FILE DIRECTLY.
  # yarn lockfile v1
  
  
  closure-compiler-npm@google/closure-compiler-npm:
    version "1.0.0"
    resolved "https://codeload.github.com/google/closure-compiler-npm/tar.gz/2d244dd1641f494e9d40970a4da1ae040ddb2505"
  
  google-closure-library@latest:
    version "20200628.0.0"
    resolved "https://registry.yarnpkg.com/google-closure-library/-/google-closure-library-20200628.0.0.tgz#0a1b6f40a4b1dc408832d33bfe3494a2ef212f3f"
    integrity sha512-G+PoGe8vtcjxszr1ie3GSrlxjO+gZDuOZClanGJMWHsefUynzPqJeIGh3zMpSsCAXZXtO6DpB59l99DVvRVcVQ==
